# JRE version: OpenJDK Runtime Environment Temurin-17.0.10+7 (17.0.10+7) (build 17.0.10+7)
# Java VM: OpenJDK 64-Bit Server VM Temurin-17.0.10+7 (17.0.10+7, mixed mode, tiered, compressed oops, compressed class ptrs, parallel gc, linux-amd64)
GC Precious Log:
 CPUs: 4 total, 4 available
 Memory: 7843M
 Large Page Support: Disabled
 NUMA Support: Disabled
 Compressed Oops: Enabled (32-bit)
 Alignments: Space 512K, Generation 512K, Heap 2M
 Heap Min Capacity: 100M
 Heap Initial Capacity: 100M
 Heap Max Capacity: 1G
 Pre-touch: Disabled
 Parallel Workers: 4
Heap:
 PSYoungGen      total 20480K, used 6155K [0x00000000eab00000, 0x00000000ecc80000, 0x0000000100000000)
  eden space 13824K, 0% used [0x00000000eab00000,0x00000000eab00000,0x00000000eb880000)
  from space 6656K, 92% used [0x00000000ec600000,0x00000000ecc02ca0,0x00000000ecc80000)
  to   space 9728K, 0% used [0x00000000eb980000,0x00000000eb980000,0x00000000ec300000)
 ParOldGen       total 92672K, used 87802K [0x00000000c0000000, 0x00000000c5a80000, 0x00000000eab00000)
  object space 92672K, 94% used [0x00000000c0000000,0x00000000c55be988,0x00000000c5a80000)
 Metaspace       used 72181K, committed 73344K, reserved 1114112K
  class space    used 7824K, committed 8320K, reserved 1048576K
GC Heap History (20 events):
Event: 57.674 GC heap after
{Heap after GC invocations=36 (full 3):
 PSYoungGen      total 23040K, used 1923K [0x00000000eab00000, 0x00000000ec480000, 0x0000000100000000)
  eden space 20480K, 0% used [0x00000000eab00000,0x00000000eab00000,0x00000000ebf00000)
  from space 2560K, 75% used [0x00000000ebf80000,0x00000000ec160cd8,0x00000000ec200000)
  to   space 2048K, 0% used [0x00000000ec280000,0x00000000ec280000,0x00000000ec480000)
 ParOldGen       total 68608K, used 40141K [0x00000000c0000000, 0x00000000c4300000, 0x00000000eab00000)
  object space 68608K, 58% used [0x00000000c0000000,0x00000000c27334c8,0x00000000c4300000)
 Metaspace       used 67855K, committed 68992K, reserved 1114112K
  class space    used 7405K, committed 7872K, reserved 1048576K
}
Event: 58.232 GC heap before
{Heap before GC invocations=37 (full 3):
 PSYoungGen      total 23040K, used 22391K [0x00000000eab00000, 0x00000000ec480000, 0x0000000100000000)
  eden space 20480K, 99% used [0x00000000eab00000,0x00000000ebefd210,0x00000000ebf00000)
  from space 2560K, 75% used [0x00000000ebf80000,0x00000000ec160cd8,0x00000000ec200000)
  to   space 2048K, 0% used [0x00000000ec280000,0x00000000ec280000,0x00000000ec480000)
 ParOldGen       total 68608K, used 40141K [0x00000000c0000000, 0x00000000c4300000, 0x00000000eab00000)
  object space 68608K, 58% used [0x00000000c0000000,0x00000000c27334c8,0x00000000c4300000)
 Metaspace       used 68446K, committed 69632K, reserved 1114112K
  class space    used 7463K, committed 7936K, reserved 1048576K
}
Event: 58.266 GC heap after
{Heap after GC invocations=37 (full 3):
 PSYoungGen      total 22528K, used 1804K [0x00000000eab00000, 0x00000000ec480000, 0x0000000100000000)
  eden space 20480K, 0% used [0x00000000eab00000,0x00000000eab00000,0x00000000ebf00000)
  from space 2048K, 88% used [0x00000000ec280000,0x00000000ec4432c0,0x00000000ec480000)
  to   space 2048K, 0% used [0x00000000ec080000,0x00000000ec080000,0x00000000ec280000)
 ParOldGen       total 68608K, used 41981K [0x00000000c0000000, 0x00000000c4300000, 0x00000000eab00000)
  object space 68608K, 61% used [0x00000000c0000000,0x00000000c28ff4b8,0x00000000c4300000)
 Metaspace       used 68446K, committed 69632K, reserved 1114112K
  class space    used 7463K, committed 7936K, reserved 1048576K
}
Event: 59.242 GC heap before
{Heap before GC invocations=38 (full 3):
 PSYoungGen      total 22528K, used 22284K [0x00000000eab00000, 0x00000000ec480000, 0x0000000100000000)
  eden space 20480K, 100% used [0x00000000eab00000,0x00000000ebf00000,0x00000000ebf00000)
  from space 2048K, 88% used [0x00000000ec280000,0x00000000ec4432c0,0x00000000ec480000)
  to   space 2048K, 0% used [0x00000000ec080000,0x00000000ec080000,0x00000000ec280000)
 ParOldGen       total 68608K, used 41981K [0x00000000c0000000, 0x00000000c4300000, 0x00000000eab00000)
  object space 68608K, 61% used [0x00000000c0000000,0x00000000c28ff4b8,0x00000000c4300000)
 Metaspace       used 69997K, committed 71232K, reserved 1114112K
  class space    used 7614K, committed 8128K, reserved 1048576K
}
Event: 59.264 GC heap after
{Heap after GC invocations=38 (full 3):
 PSYoungGen      total 22016K, used 1466K [0x00000000eab00000, 0x00000000ec300000, 0x0000000100000000)
  eden space 20480K, 0% used [0x00000000eab00000,0x00000000eab00000,0x00000000ebf00000)
  from space 1536K, 95% used [0x00000000ec080000,0x00000000ec1ee928,0x00000000ec200000)
  to   space 1024K, 0% used [0x00000000ec200000,0x00000000ec200000,0x00000000ec300000)
 ParOldGen       total 68608K, used 44840K [0x00000000c0000000, 0x00000000c4300000, 0x00000000eab00000)
  object space 68608K, 65% used [0x00000000c0000000,0x00000000c2bca3b8,0x00000000c4300000)
 Metaspace       used 69997K, committed 71232K, reserved 1114112K
  class space    used 7614K, committed 8128K, reserved 1048576K
}
Event: 59.415 GC heap before
{Heap before GC invocations=39 (full 3):
 PSYoungGen      total 22016K, used 21946K [0x00000000eab00000, 0x00000000ec300000, 0x0000000100000000)
  eden space 20480K, 100% used [0x00000000eab00000,0x00000000ebf00000,0x00000000ebf00000)
  from space 1536K, 95% used [0x00000000ec080000,0x00000000ec1ee928,0x00000000ec200000)
  to   space 1024K, 0% used [0x00000000ec200000,0x00000000ec200000,0x00000000ec300000)
 ParOldGen       total 68608K, used 44846K [0x00000000c0000000, 0x00000000c4300000, 0x00000000eab00000)
  object space 68608K, 65% used [0x00000000c0000000,0x00000000c2bcbb28,0x00000000c4300000)
 Metaspace       used 70513K, committed 71744K, reserved 1114112K
  class space    used 7663K, committed 8192K, reserved 1048576K
}
Event: 59.428 GC heap after
{Heap after GC invocations=39 (full 3):
 PSYoungGen      total 21504K, used 576K [0x00000000eab00000, 0x00000000ec300000, 0x0000000100000000)
  eden space 20480K, 0% used [0x00000000eab00000,0x00000000eab00000,0x00000000ebf00000)
  from space 1024K, 56% used [0x00000000ec200000,0x00000000ec290020,0x00000000ec300000)
  to   space 1024K, 0% used [0x00000000ec100000,0x00000000ec100000,0x00000000ec200000)
 ParOldGen       total 68608K, used 55231K [0x00000000c0000000, 0x00000000c4300000, 0x00000000eab00000)
  object space 68608K, 80% used [0x00000000c0000000,0x00000000c35efd28,0x00000000c4300000)
 Metaspace       used 70513K, committed 71744K, reserved 1114112K
  class space    used 7663K, committed 8192K, reserved 1048576K
}
Event: 59.582 GC heap before
{Heap before GC invocations=40 (full 4):
 PSYoungGen      total 21504K, used 21056K [0x00000000eab00000, 0x00000000ec300000, 0x0000000100000000)
  eden space 20480K, 100% used [0x00000000eab00000,0x00000000ebf00000,0x00000000ebf00000)
  from space 1024K, 56% used [0x00000000ec200000,0x00000000ec290020,0x00000000ec300000)
  to   space 1024K, 0% used [0x00000000ec100000,0x00000000ec100000,0x00000000ec200000)
 ParOldGen       total 79872K, used 77429K [0x00000000c0000000, 0x00000000c4e00000, 0x00000000eab00000)
  object space 79872K, 96% used [0x00000000c0000000,0x00000000c4b9d508,0x00000000c4e00000)
 Metaspace       used 70946K, committed 72128K, reserved 1114112K
  class space    used 7713K, committed 8192K, reserved 1048576K
}
Event: 59.916 GC heap after
{Heap after GC invocations=40 (full 4):
 PSYoungGen      total 20992K, used 0K [0x00000000eab00000, 0x00000000ec280000, 0x0000000100000000)
  eden space 20480K, 0% used [0x00000000eab00000,0x00000000eab00000,0x00000000ebf00000)
  from space 512K, 0% used [0x00000000ec100000,0x00000000ec100000,0x00000000ec180000)
  to   space 1024K, 0% used [0x00000000ec180000,0x00000000ec180000,0x00000000ec280000)
 ParOldGen       total 92672K, used 55793K [0x00000000c0000000, 0x00000000c5a80000, 0x00000000eab00000)
  object space 92672K, 60% used [0x00000000c0000000,0x00000000c367c4d8,0x00000000c5a80000)
 Metaspace       used 70943K, committed 72128K, reserved 1114112K
  class space    used 7712K, committed 8192K, reserved 1048576K
}
Event: 60.663 GC heap before
{Heap before GC invocations=41 (full 4):
 PSYoungGen      total 20992K, used 20480K [0x00000000eab00000, 0x00000000ec280000, 0x0000000100000000)
  eden space 20480K, 100% used [0x00000000eab00000,0x00000000ebf00000,0x00000000ebf00000)
  from space 512K, 0% used [0x00000000ec100000,0x00000000ec100000,0x00000000ec180000)
  to   space 1024K, 0% used [0x00000000ec180000,0x00000000ec180000,0x00000000ec280000)
 ParOldGen       total 92672K, used 55823K [0x00000000c0000000, 0x00000000c5a80000, 0x00000000eab00000)
  object space 92672K, 60% used [0x00000000c0000000,0x00000000c3683f40,0x00000000c5a80000)
 Metaspace       used 71500K, committed 72704K, reserved 1114112K
  class space    used 7749K, committed 8256K, reserved 1048576K
}
Event: 60.733 GC heap after
{Heap after GC invocations=41 (full 4):
 PSYoungGen      total 12288K, used 1024K [0x00000000eab00000, 0x00000000ed600000, 0x0000000100000000)
  eden space 11264K, 0% used [0x00000000eab00000,0x00000000eab00000,0x00000000eb600000)
  from space 1024K, 100% used [0x00000000ec180000,0x00000000ec280000,0x00000000ec280000)
  to   space 11776K, 0% used [0x00000000eb600000,0x00000000eb600000,0x00000000ec180000)
 ParOldGen       total 92672K, used 64863K [0x00000000c0000000, 0x00000000c5a80000, 0x00000000eab00000)
  object space 92672K, 69% used [0x00000000c0000000,0x00000000c3f57f40,0x00000000c5a80000)
 Metaspace       used 71500K, committed 72704K, reserved 1114112K
  class space    used 7749K, committed 8256K, reserved 1048576K
}
Event: 61.242 GC heap before
{Heap before GC invocations=42 (full 4):
 PSYoungGen      total 12288K, used 12288K [0x00000000eab00000, 0x00000000ed600000, 0x0000000100000000)
  eden space 11264K, 100% used [0x00000000eab00000,0x00000000eb600000,0x00000000eb600000)
  from space 1024K, 100% used [0x00000000ec180000,0x00000000ec280000,0x00000000ec280000)
  to   space 11776K, 0% used [0x00000000eb600000,0x00000000eb600000,0x00000000ec180000)
 ParOldGen       total 92672K, used 64870K [0x00000000c0000000, 0x00000000c5a80000, 0x00000000eab00000)
  object space 92672K, 69% used [0x00000000c0000000,0x00000000c3f59958,0x00000000c5a80000)
 Metaspace       used 71588K, committed 72768K, reserved 1114112K
  class space    used 7762K, committed 8256K, reserved 1048576K
}
Event: 61.283 GC heap after
{Heap after GC invocations=42 (full 4):
 PSYoungGen      total 19456K, used 7776K [0x00000000eab00000, 0x00000000ec700000, 0x0000000100000000)
  eden space 11264K, 0% used [0x00000000eab00000,0x00000000eab00000,0x00000000eb600000)
  from space 8192K, 94% used [0x00000000eb600000,0x00000000ebd98000,0x00000000ebe00000)
  to   space 8704K, 0% used [0x00000000ebe80000,0x00000000ebe80000,0x00000000ec700000)
 ParOldGen       total 92672K, used 65534K [0x00000000c0000000, 0x00000000c5a80000, 0x00000000eab00000)
  object space 92672K, 70% used [0x00000000c0000000,0x00000000c3fff958,0x00000000c5a80000)
 Metaspace       used 71588K, committed 72768K, reserved 1114112K
  class space    used 7762K, committed 8256K, reserved 1048576K
}
Event: 61.536 GC heap before
{Heap before GC invocations=43 (full 4):
 PSYoungGen      total 19456K, used 19040K [0x00000000eab00000, 0x00000000ec700000, 0x0000000100000000)
  eden space 11264K, 100% used [0x00000000eab00000,0x00000000eb600000,0x00000000eb600000)
  from space 8192K, 94% used [0x00000000eb600000,0x00000000ebd98000,0x00000000ebe00000)
  to   space 8704K, 0% used [0x00000000ebe80000,0x00000000ebe80000,0x00000000ec700000)
 ParOldGen       total 92672K, used 65534K [0x00000000c0000000, 0x00000000c5a80000, 0x00000000eab00000)
  object space 92672K, 70% used [0x00000000c0000000,0x00000000c3fff958,0x00000000c5a80000)
 Metaspace       used 71705K, committed 72896K, reserved 1114112K
  class space    used 7770K, committed 8256K, reserved 1048576K
}
Event: 61.634 GC heap after
{Heap after GC invocations=43 (full 4):
 PSYoungGen      total 18432K, used 7136K [0x00000000eab00000, 0x00000000ec580000, 0x0000000100000000)
  eden space 11264K, 0% used [0x00000000eab00000,0x00000000eab00000,0x00000000eb600000)
  from space 7168K, 99% used [0x00000000ebe80000,0x00000000ec578000,0x00000000ec580000)
  to   space 7680K, 0% used [0x00000000eb680000,0x00000000eb680000,0x00000000ebe00000)
 ParOldGen       total 92672K, used 73270K [0x00000000c0000000, 0x00000000c5a80000, 0x00000000eab00000)
  object space 92672K, 79% used [0x00000000c0000000,0x00000000c478d958,0x00000000c5a80000)
 Metaspace       used 71705K, committed 72896K, reserved 1114112K
  class space    used 7770K, committed 8256K, reserved 1048576K
}
Event: 61.848 GC heap before
{Heap before GC invocations=44 (full 4):
 PSYoungGen      total 18432K, used 18400K [0x00000000eab00000, 0x00000000ec580000, 0x0000000100000000)
  eden space 11264K, 100% used [0x00000000eab00000,0x00000000eb600000,0x00000000eb600000)
  from space 7168K, 99% used [0x00000000ebe80000,0x00000000ec578000,0x00000000ec580000)
  to   space 7680K, 0% used [0x00000000eb680000,0x00000000eb680000,0x00000000ebe00000)
 ParOldGen       total 92672K, used 73270K [0x00000000c0000000, 0x00000000c5a80000, 0x00000000eab00000)
  object space 92672K, 79% used [0x00000000c0000000,0x00000000c478d958,0x00000000c5a80000)
 Metaspace       used 71773K, committed 72896K, reserved 1114112K
  class space    used 7776K, committed 8256K, reserved 1048576K
}
Event: 61.924 GC heap after
{Heap after GC invocations=44 (full 4):
 PSYoungGen      total 18944K, used 7664K [0x00000000eab00000, 0x00000000ed600000, 0x0000000100000000)
  eden space 11264K, 0% used [0x00000000eab00000,0x00000000eab00000,0x00000000eb600000)
  from space 7680K, 99% used [0x00000000eb680000,0x00000000ebdfc030,0x00000000ebe00000)
  to   space 16384K, 0% used [0x00000000ec600000,0x00000000ec600000,0x00000000ed600000)
 ParOldGen       total 92672K, used 80502K [0x00000000c0000000, 0x00000000c5a80000, 0x00000000eab00000)
  object space 92672K, 86% used [0x00000000c0000000,0x00000000c4e9d958,0x00000000c5a80000)
 Metaspace       used 71773K, committed 72896K, reserved 1114112K
  class space    used 7776K, committed 8256K, reserved 1048576K
}
Event: 62.130 GC heap before
{Heap before GC invocations=45 (full 4):
 PSYoungGen      total 18944K, used 18928K [0x00000000eab00000, 0x00000000ed600000, 0x0000000100000000)
  eden space 11264K, 100% used [0x00000000eab00000,0x00000000eb600000,0x00000000eb600000)
  from space 7680K, 99% used [0x00000000eb680000,0x00000000ebdfc030,0x00000000ebe00000)
  to   space 16384K, 0% used [0x00000000ec600000,0x00000000ec600000,0x00000000ed600000)
 ParOldGen       total 92672K, used 80502K [0x00000000c0000000, 0x00000000c5a80000, 0x00000000eab00000)
  object space 92672K, 86% used [0x00000000c0000000,0x00000000c4e9d958,0x00000000c5a80000)
 Metaspace       used 72181K, committed 73344K, reserved 1114112K
  class space    used 7824K, committed 8320K, reserved 1048576K
}
Event: 62.226 GC heap after
{Heap after GC invocations=45 (full 4):
 PSYoungGen      total 20480K, used 6155K [0x00000000eab00000, 0x00000000ecc80000, 0x0000000100000000)
  eden space 13824K, 0% used [0x00000000eab00000,0x00000000eab00000,0x00000000eb880000)
  from space 6656K, 92% used [0x00000000ec600000,0x00000000ecc02ca0,0x00000000ecc80000)
  to   space 9728K, 0% used [0x00000000eb980000,0x00000000eb980000,0x00000000ec300000)
 ParOldGen       total 92672K, used 87802K [0x00000000c0000000, 0x00000000c5a80000, 0x00000000eab00000)
  object space 92672K, 94% used [0x00000000c0000000,0x00000000c55be988,0x00000000c5a80000)
 Metaspace       used 72181K, committed 73344K, reserved 1114112K
  class space    used 7824K, committed 8320K, reserved 1048576K
}
Event: 62.226 GC heap before
{Heap before GC invocations=46 (full 5):
 PSYoungGen      total 20480K, used 6155K [0x00000000eab00000, 0x00000000ecc80000, 0x0000000100000000)
  eden space 13824K, 0% used [0x00000000eab00000,0x00000000eab00000,0x00000000eb880000)
  from space 6656K, 92% used [0x00000000ec600000,0x00000000ecc02ca0,0x00000000ecc80000)
  to   space 9728K, 0% used [0x00000000eb980000,0x00000000eb980000,0x00000000ec300000)
 ParOldGen       total 92672K, used 87802K [0x00000000c0000000, 0x00000000c5a80000, 0x00000000eab00000)
  object space 92672K, 94% used [0x00000000c0000000,0x00000000c55be988,0x00000000c5a80000)
 Metaspace       used 72181K, committed 73344K, reserved 1114112K
  class space    used 7824K, committed 8320K, reserved 1048576K
}

